make.exe all --print-data-base --no-builtin-variables --no-builtin-rules --question
# GNU Make 3.80
# Copyright (C) 2002  Free Software Foundation, Inc.
# This is free software; see the source for copying conditions.
# There is NO warranty; not even for MERCHANTABILITY or FITNESS FOR A
# PARTICULAR PURPOSE.
 

# Make data base, printed on Mon Sep 08 16:25:56 2025

# Variables

# automatic
<D = $(patsubst %/,%,$(dir $<))
# automatic
?F = $(notdir $?)
# makefile (from `makefile', line 14)
OBJ = jukefila.o pedido.o main.o
# environment
VSCODE_CRASH_REPORTER_PROCESS_TYPE = extensionHost
# makefile
MAKEFLAGS = Rrqp
# automatic
?D = $(patsubst %/,%,$(dir $?))
# automatic
@D = $(patsubst %/,%,$(dir $@))
# environment
HOMEDRIVE = C:
# automatic
@F = $(notdir $@)
# makefile (from `makefile', line 5)
LDLIBS = -lm
# automatic
^D = $(patsubst %/,%,$(dir $^))
# default
CURDIR := c:/Users/rapha/Documents/prog2/Recursos
# default
SHELL := C:/Program Files/Git/bin/sh.exe
# environment
WINDIR = C:\WINDOWS
# environment
VSCODE_NLS_CONFIG = {"userLocale":"en-us","osLocale":"pt-br","resolvedLanguage":"en","defaultMessagesFile":"C:\\Users\\rapha\\AppData\\Local\\Programs\\Microsoft VS Code\\resources\\app\\out\\nls.messages.json","locale":"en-us","availableLanguages":{}}
# makefile (from `makefile', line 4)
CFLAGS = -Wall -Wextra -Werror -g -std=c99
# environment
ONEDRIVE = C:\Users\rapha\OneDrive
# environment
PATHEXT = .COM;.EXE;.BAT;.CMD;.VBS;.VBE;.JS;.JSE;.WSF;.WSH;.MSC
# makefile (from `makefile', line 1)
MAKEFILE_LIST :=  makefile
# environment
FPS_BROWSER_USER_PROFILE_STRING = Default
# makefile (from `makefile', line 23)
jukefila.o = jukefila.c jukefila.h
# environment
TMP = C:\Users\rapha\AppData\Local\Temp
# environment
PROGRAMW6432 = C:\Program Files
# environment
PROGRAMDATA = C:\ProgramData
# environment
EFC_9464_2775293581 = 1
# environment
VSCODE_CWD = C:\Users\rapha\AppData\Local\Programs\Microsoft VS Code
# environment
EFC_9464_1262719628 = 1
# environment
COMMONPROGRAMW6432 = C:\Program Files\Common Files
# environment
ZES_ENABLE_SYSMAN = 1
# environment
PROCESSOR_ARCHITECTURE = x86
# environment
USERPROFILE = C:\Users\rapha
# environment
ALLUSERSPROFILE = C:\ProgramData
# environment
NUMBER_OF_PROCESSORS = 8
# environment
ELECTRON_RUN_AS_NODE = 1
# automatic
%F = $(notdir $%)
# environment
CHROME_CRASHPAD_PIPE_NAME = \\.\pipe\crashpad_2324_VOMCWGAMZHUEQKMD
# environment
COMPUTERNAME = RAPHAGW
# environment
PROGRAMFILES = C:\Program Files (x86)
# makefile (from `makefile', line 7)
ENTREGA = $(MAIN)
# environment
DRIVERDATA = C:\Windows\System32\Drivers\DriverData
# environment
ORIGINAL_XDG_CURRENT_DESKTOP = undefined
# environment
USERNAME = rapha
# environment
PUBLIC = C:\Users\Public
# makefile (from `makefile', line 10)
HDR = jukefila.h pedido.h
# environment
VSCODE_CODE_CACHE_PATH = C:\Users\rapha\AppData\Roaming\Code\CachedData\360a4e4fd251bfce169a4ddf857c7d25d1ad40da
# environment
APPLICATION_INSIGHTS_NO_DIAGNOSTIC_CHANNEL = true
# environment
COMMONPROGRAMFILES = C:\Program Files (x86)\Common Files
# environment
LOGONSERVER = \\RAPHAGW
# environment
VSCODE_HANDLES_UNCAUGHT_ERRORS = true
# environment
USERDOMAIN = RAPHAGW
# default
MAKE = $(MAKE_COMMAND)
# default
MAKECMDGOALS := all
# environment
PATH = C:\ProgramData\Oracle\Java\javapath;C:\WINDOWS\system32;C:\WINDOWS;C:\WINDOWS\System32\Wbem;C:\WINDOWS\System32\WindowsPowerShell\v1.0\;C:\WINDOWS\System32\OpenSSH\;C:\Program Files\dotnet\;C:\Program Files\Git\cmd;C:\Program Files (x86)\Microsoft Group Policy\Windows Server 2022 August 2021 Update\PolicyDefinitions\;C:\Users\rapha\AppData\Local\Microsoft\WindowsApps;C:\Users\rapha\.dotnet\tools;C:\Users\rapha\AppData\Local\Programs\Microsoft VS Code\bin;C:\Program Files\Git\bin;C:\msys64\ucrt64\bin;C:\MinGW\bin;
# makefile (from `makefile', line 3)
CC = gcc
# environment
VSCODE_ESM_ENTRYPOINT = vs/workbench/api/node/extensionHostProcess
# default
MAKE_VERSION := 3.80
# environment
NODE_UNC_HOST_ALLOWLIST = wsl.localhost
# environment
PROGRAMFILES(X86) = C:\Program Files (x86)
# automatic
%D = $(patsubst %/,%,$(dir $%))
# environment
LOCALAPPDATA = C:\Users\rapha\AppData\Local
# environment
PSMODULEPATH = C:\Program Files\WindowsPowerShell\Modules;C:\WINDOWS\system32\WindowsPowerShell\v1.0\Modules
# default
MAKE_COMMAND := make.exe
# environment
PROCESSOR_ARCHITEW6432 = AMD64
# default
.VARIABLES := 
# automatic
*F = $(notdir $*)
# environment
PROCESSOR_IDENTIFIER = Intel64 Family 6 Model 190 Stepping 0, GenuineIntel
# environment
OS = Windows_NT
# environment
VSCODE_IPC_HOOK = \\.\pipe\f48552b0-1.103.1-main-sock
# environment
HOMEPATH = \Users\rapha
# environment
COMMONPROGRAMFILES(X86) = C:\Program Files (x86)\Common Files
# environment
PROMPT = $P$G
# environment
MFLAGS = -Rrqp
# automatic
*D = $(patsubst %/,%,$(dir $*))
# makefile (from `makefile', line 6)
MAIN = main
# environment
SYSTEMROOT = C:\WINDOWS
# automatic
+D = $(patsubst %/,%,$(dir $+))
# environment
VSCODE_L10N_BUNDLE_LOCATION = 
# automatic
+F = $(notdir $+)
# environment
APPDATA = C:\Users\rapha\AppData\Roaming
# environment
EFC_9464_2283032206 = 1
# environment
Path = C:\ProgramData\Oracle\Java\javapath;C:\WINDOWS\system32;C:\WINDOWS;C:\WINDOWS\System32\Wbem;C:\WINDOWS\System32\WindowsPowerShell\v1.0\;C:\WINDOWS\System32\OpenSSH\;C:\Program Files\dotnet\;C:\Program Files\Git\cmd;C:\Program Files (x86)\Microsoft Group Policy\Windows Server 2022 August 2021 Update\PolicyDefinitions\;C:\Users\rapha\AppData\Local\Microsoft\WindowsApps;C:\Users\rapha\.dotnet\tools;C:\Users\rapha\AppData\Local\Programs\Microsoft VS Code\bin;C:\Program Files\Git\bin;C:\msys64\ucrt64\bin;C:\MinGW\bin;
# environment
TEMP = C:\Users\rapha\AppData\Local\Temp
# environment
COMSPEC = C:\WINDOWS\system32\cmd.exe
# default
MAKEFILES := 
# automatic
<F = $(notdir $<)
# makefile (from `makefile', line 24)
pedido.o = pedido.c pedido.h 
# environment
LC_ALL = C
# environment
__COMPAT_LAYER = DetectorsAppHealth
# automatic
^F = $(notdir $^)
# environment
EFC_9464_3789132940 = 1
# default
SUFFIXES := 
# environment
SYSTEMDRIVE = C:
# environment
SESSIONNAME = Console
# environment
PROCESSOR_REVISION = be00
# environment
LEVEL_ZERO_V1_SDK_PATH = C:\Program Files\LevelZeroSDK\1.21.6\
# environment
EFC_9464_1592913036 = 1
# environment
MAKELEVEL := 0
# environment
LANG = C
# environment
PROCESSOR_LEVEL = 6
# environment
FPS_BROWSER_APP_PROFILE_STRING = Internet Explorer
# environment
VSCODE_PID = 2324
# environment
USERDOMAIN_ROAMINGPROFILE = RAPHAGW
# variable set hash-table stats:
# Load=102/1024=10%, Rehash=0, Collisions=16/126=13%

# Directories

# C:\WINDOWS\System32\WindowsPowerShell\v1.0\ (key C:/WINDOWS/System32/WindowsPowerShell/v1.0/, mtime 1757157030): 29 files, no impossibilities.
# C:\WINDOWS\System32\Wbem (key C:/WINDOWS/System32/Wbem, mtime 1757157030): 150 files, no impossibilities.
# . (key c:/Users/rapha/Documents/prog2/Recursos, mtime 1757359553): 9 files, no impossibilities.
# C:\Program Files\dotnet\ (key C:/Program Files/dotnet/, mtime 1746214553): 13 files, no impossibilities.
# C:\WINDOWS\System32\OpenSSH\: could not be stat'd.
# C:\WINDOWS (key C:/WINDOWS, mtime 1757273287): 109 files, no impossibilities.
# C:\ProgramData\Oracle\Java\javapath (key C:/ProgramData/Oracle/Java/javapath, mtime 1740574056): 5 files, no impossibilities.
# C:\Users\rapha\AppData\Local\Programs\Microsoft VS Code\bin (key C:/Users/rapha/AppData/Local/Programs/Microsoft VS Code/bin, mtime 1755454033): 5 files, no impossibilities.
# C:\Program Files\Git\bin (key C:/Program Files/Git/bin, mtime 1744317022): 5 files, no impossibilities so far.
# C:\Users\rapha\.dotnet\tools: could not be stat'd.
# C:\Program Files (x86)\Microsoft Group Policy\Windows Server 2022 August 2021 Update\PolicyDefinitions\ (key C:/Program Files (x86)/Microsoft Group Policy/Windows Server 2022 August 2021 Update/PolicyDefinitions/, mtime 1757171433): 238 files, no impossibilities.
# C:\Program Files\Git\cmd (key C:/Program Files/Git/cmd, mtime 1744317047): 13 files, no impossibilities.
# C:\WINDOWS\system32 (key C:/WINDOWS/system32, mtime 1757273597): 2972 files, no impossibilities.
# C:\Users\rapha\AppData\Local\Microsoft\WindowsApps (key C:/Users/rapha/AppData/Local/Microsoft/WindowsApps, mtime 1757020167): 52 files, no impossibilities.

# 3600 files, no impossibilities in 14 directories.

# Implicit Rules

# No implicit rules.

# Pattern-specific variable values

# No pattern-specific variable values.

# Files

# Not a target:
all:
#  Command-line target.
#  Implicit rule search has been done.
#  File does not exist.
#  File has not been updated.

# Not a target:
main.c:
#  Implicit rule search has not been done.
#  Modification time never checked.
#  File has not been updated.

# Not a target:
.DEFAULT:
#  Implicit rule search has not been done.
#  Modification time never checked.
#  File has not been updated.

# Not a target:
jukefila.o:
#  Implicit rule search has not been done.
#  Modification time never checked.
#  File has not been 
 updated.

# Not a target:
pedido.h:
#  Implicit rule search has not been done.
#  Modification time never checked.
#  File has not been updated.

# Not a target:
makefile:
#  Implicit rule search has been done.
#  Last modified 2025-08-17 15:55:49
#  File has been updated.
#  Successfully updated.

# Not a target:
.SUFFIXES:
#  Implicit rule search has not been done.
#  Modification time never checked.
#  File has not been updated.

tgz: clean
#  Implicit rule search has not been done.
#  Modification time never checked.
#  File has not been updated.
#  commands to execute (from `makefile', line 36):
	-mkdir -p /tmp/$(USER)/$(ENTREGA)
	chmod 0700 /tmp/$(USER)/$(ENTREGA)
	cp *.c *.h makefile /tmp/$(USER)/$(ENTREGA)
	tar czvf $(ENTREGA).tgz -C /tmp/$(USER) $(ENTREGA)
	rm -rf /tmp/$(USER)
	@echo "Arquivo $(ENTREGA).tgz criado para entrega"
	

run: main
#  Implicit rule search has not been done.
#  Modification time never checked.
#  File has not been updated.
#  commands to execute (from `makefile', line 28):
	./$(MAIN)
	

clean:
#  Implicit rule search has not been done.
#  Modification time never checked.
#  File has not been updated.
#  commands to execute (from `makefile', line 45):
	rm -f *~ $(OBJ) $(MAIN) /tmp/$(USER)/$(ENTREGA) $(ENTREGA).tgz
	

# Not a target:
jukefila.h:
#  Implicit rule search has not been done.
#  Modification time never checked.
#  File has not been updated.

main: main.o jukefila.o pedido.o main.o
#  Implicit rule search has not been done.
#  Modification time never checked.
#  File has not been updated.

main.o: main.c jukefila.h pedido.h
#  Implicit rule search has not been done.
#  Modification time never checked.
#  File has not been updated.

# Not a target:
pedido.o:
#  Implicit rule search has not been done.
#  Modification time never checked.
#  File has not been updated.

valgrind: main
#  Implicit rule search has not been done.
#  Modification time never checked.
#  File has not been updated.
#  commands to execute (from `makefile', line 32):
	valgrind --leak-check=full --show-leak-kinds=all -s --track-origins=yes ./$(MAIN)
	

# files hash-table stats:
# Load=15/1024=1%, Rehash=0, Collisions=0/36=0%
# VPATH Search Paths

# No `vpath' search paths.

# No general (`VPATH' variable) search path.

# Finished Make data base on Mon Sep 08 16:25:56 2025

 
make.exe: *** No rule to make target `all'.  Stop.

