make.exe all --print-data-base --no-builtin-variables --no-builtin-rules --question
# GNU Make 4.4.1
# Built for x86_64-pc-msys
# Copyright (C) 1988-2023 Free Software Foundation, Inc.
 
# License GPLv3+: GNU GPL version 3 or later <https://gnu.org/licenses/gpl.html>
# This is free software: you are free to change and redistribute it.
# There is NO WARRANTY, to the extent permitted by law.
 

# Make data base, printed on Fri Nov 28 10:42:44 2025

# Variables

# environment
SYSTEMDRIVE = C:
# environment
LC_ALL = C
# environment
USERPROFILE = C:\Users\raphael.gaias.TACLA
# environment
LOCALAPPDATA = C:\Users\raphael.gaias.TACLA\AppData\Local
# environment
WSLENV = WT_SESSION:WT_PROFILE_ID:
# environment
VSCODE_CRASH_REPORTER_PROCESS_TYPE = extensionHost
# environment
VSCODE_CWD = C:\Users\raphael.gaias.TACLA\Documents\prog2\A3_recursos\GAME
# environment
SYSTEMROOT = C:\WINDOWS
# environment
PROCESSOR_LEVEL = 6
# environment
PSMODULEPATH = C:\Users\raphael.gaias.TACLA\Documents\WindowsPowerShell\Modules;C:\Program Files\WindowsPowerShell\Modules;C:\WINDOWS\system32\WindowsPowerShell\v1.0\Modules
# default
MAKE_COMMAND := make
# environment
USERDNSDOMAIN = TACLA.CORP
# automatic
@D = $(patsubst %/,%,$(dir $@))
# environment
CHROME_CRASHPAD_PIPE_NAME = \\.\pipe\crashpad_2120_MONSOEANKRNQQKOX
# environment
VSCODE_HANDLES_UNCAUGHT_ERRORS = true
# default
.VARIABLES := 
# automatic
%D = $(patsubst %/,%,$(dir $%))
# automatic
^D = $(patsubst %/,%,$(dir $^))
# automatic
%F = $(notdir $%)
# environment
VSCODE_CODE_CACHE_PATH = C:\Users\raphael.gaias.TACLA\AppData\Roaming\Code\CachedData\1e3c50d64110be466c0b4a45222e81d2c9352888
# environment
LANG = C
# default
.LOADED := 
# environment
TMP = /c/Users/RAPHAE~1.TAC/AppData/Local/Temp
# default
.INCLUDE_DIRS := /usr/include
# makefile
MAKEFLAGS = pqrR
# environment
ONEDRIVE = C:\Users\raphael.gaias.TACLA\OneDrive
# makefile
CURDIR := /c/Users/raphael.gaias.TACLA/Documents/prog2/A3_recursos/GAME
# automatic
*D = $(patsubst %/,%,$(dir $*))
# environment
PROGRAMFILES = C:\Program Files
# environment
MFLAGS = -pqrR
# default
.SHELLFLAGS := -c
# environment
!C: = c:\Users\raphael.gaias.TACLA\Documents\prog2\A3_recursos\GAME
# environment
COMMONPROGRAMW6432 = C:\Program Files\Common Files
# automatic
+D = $(patsubst %/,%,$(dir $+))
# makefile (from 'makefile', line 4)
PKG_CFLAGS := -IC:/msys64/mingw64/include
# makefile (from 'makefile', line 1)
MAKEFILE_LIST := makefile
# automatic
@F = $(notdir $@)
# environment
VSCODE_PID = 2120
# automatic
?D = $(patsubst %/,%,$(dir $?))
# environment
WT_PROFILE_ID = {61c54bbd-c2c6-5271-96e7-009a87ff44bf}
# automatic
*F = $(notdir $*)
# automatic
<D = $(patsubst %/,%,$(dir $<))
# environment
VSCODE_NLS_CONFIG = {"userLocale":"en-us","osLocale":"pt-br","resolvedLanguage":"en","defaultMessagesFile":"C:\\Users\\raphael.gaias.TACLA\\AppData\\Local\\Programs\\Microsoft VS Code\\resources\\app\\out\\nls.messages.json","locale":"en-us","availableLanguages":{}}
# default
MAKE_HOST := x86_64-pc-msys
# environment
PROGRAMDATA = C:\ProgramData
# default
SHELL := /bin/sh
# makefile (from 'makefile', line 5)
PKG_LIBS := -LC:/msys64/mingw64/lib -lallegro_main -lallegro_primitives -lallegro_ttf -lallegro_font -lallegro_image -lallegro_acodec -lallegro_audio -lallegro
# environment
HOMEPATH = \Users\raphael.gaias.TACLA
# default
MAKECMDGOALS := all
# environment
DRIVERDATA = C:\Windows\System32\Drivers\DriverData
# environment
COMSPEC = C:\WINDOWS\system32\cmd.exe
# environment
WINDIR = C:\WINDOWS
# environment
MAKELEVEL := 0
# default
MAKE = $(MAKE_COMMAND)
# environment
PATH = /c/WINDOWS/system32:/c/WINDOWS:/c/WINDOWS/System32/Wbem:/c/WINDOWS/System32/WindowsPowerShell/v1.0:/c/WINDOWS/System32/OpenSSH:/c/Program Files/dotnet:/c/Program Files/Git/cmd:/mingw64/bin:/usr/bin:/c/Users/raphael.gaias.TACLA/AppData/Local/Microsoft/WindowsApps:/c/Users/raphael.gaias.TACLA/AppData/Local/Programs/Microsoft VS Code/bin:/mingw64/bin:/usr/bin
# environment
ZES_ENABLE_SYSMAN = 1
# environment
COMPUTERNAME = TI-RAPHAEL
# default
MAKEFILES := 
# automatic
^F = $(notdir $^)
# environment
PROMPT = $P$G
# environment
APPLICATION_INSIGHTS_NO_STATSBEAT = true
# environment
WT_SESSION = 9ffb88ff-d34b-4156-97f8-d3ebf07618ef
# environment
LOGONSERVER = \\DC-TACLA-CORP
# environment
USERNAME = raphael.gaias
# environment
COMMONPROGRAMFILES = C:\Program Files\Common Files
# automatic
?F = $(notdir $?)
# environment
PROGRAMW6432 = C:\Program Files
# environment
PATHEXT = .COM;.EXE;.BAT;.CMD;.VBS;.VBE;.JS;.JSE;.WSF;.WSH;.MSC;.CPL
# automatic
+F = $(notdir $+)
# environment
ORIGINAL_XDG_CURRENT_DESKTOP = undefined
# environment
USERDOMAIN = TACLA
# 'override' directive
GNUMAKEFLAGS := 
# environment
OS = Windows_NT
# makefile
.DEFAULT_GOAL := all
# default
MAKE_VERSION := 4.4.1
# 'override' directive
.SHELLSTATUS := 0
# environment
PROGRAMFILES(X86) = C:\Program Files (x86)
# makefile (from 'makefile', line 8)
LDFLAGS := -LC:/msys64/mingw64/lib -lallegro_main -lallegro_primitives -lallegro_ttf -lallegro_font -lallegro_image -lallegro_acodec -lallegro_audio -lallegro
# environment
USERDOMAIN_ROAMINGPROFILE = TACLA
# environment
NUMBER_OF_PROCESSORS = 8
# environment
PUBLIC = C:\Users\Public
# environment
APPDATA = C:\Users\raphael.gaias.TACLA\AppData\Roaming
# makefile (from 'makefile', line 7)
CFLAGS = -Wall -g $(PKG_CFLAGS)
# environment
HOMEDRIVE = C:
# environment
PROCESSOR_ARCHITECTURE = AMD64
# environment
HOME = /home/raphael.gaias
# environment
COMMONPROGRAMFILES(X86) = C:\Program Files (x86)\Common Files
# environment
ELECTRON_RUN_AS_NODE = 1
# environment
TEMP = /c/Users/RAPHAE~1.TAC/AppData/Local/Temp
# environment
VSCODE_IPC_HOOK = \\.\pipe\0b3aa732-1.106.2-main-sock
# environment
TERM = xterm-256color
# default
.RECIPEPREFIX := 
# automatic
<F = $(notdir $<)
# default
SUFFIXES := 
# environment
ALLUSERSPROFILE = C:\ProgramData
# environment
SESSIONNAME = Console
# environment
VSCODE_CLI = 1
# environment
ELECTRON_NO_ATTACH_CONSOLE = 1
# default
.FEATURES := target-specific order-only second-expansion else-if shortest-stem undefine oneshell nocomment grouped-target extra-prereqs notintermediate shell-export archives jobserver output-sync check-symlink load dospaths
# environment
PROCESSOR_REVISION = 7e05
# makefile (from 'makefile', line 1)
CC = gcc
# environment
VSCODE_ESM_ENTRYPOINT = vs/workbench/api/node/extensionHostProcess
# environment
PROCESSOR_IDENTIFIER = Intel64 Family 6 Model 126 Stepping 5, GenuineIntel
# variable set hash-table stats:
# Load=103/1024=10%, Rehash=0, Collisions=12/139=9%

# Pattern-specific Variable Values

# No pattern-specific variable values.

# Directories

# . (device 776031685, inode 2251799813839900): 25 files, no impossibilities.

# 25 files, no impossibilities in 1 directories.

# Implicit Rules

# No implicit rules.

# Files

game: main.o joker.o joystick.o enemy.o
#  Implicit rule search has not been done.
#  File is secondary (prerequisite of .SECONDARY).
#  Last modified 2025-11-28 10:42:31.2380425
#  File has been updated.
#  Successfully updated.
#  recipe to execute (from 'makefile', line 15):
	$(CC) $(CFLAGS) -o game main.o joker.o joystick.o enemy.o $(LDFLAGS)

# Not a target:
enemy.c:
#  Implicit rule search has been done.
#  File is secondary (prerequisite of .SECONDARY).
#  Last modified 2025-11-17 08:16:15.9215725
#  File has been updated.
#  Successfully updated.

clean:
#  Phony target (prerequisite of .PHONY).
#  Implicit rule search has not been done.
#  File does not exist.
#  File has not been updated.
#  recipe to execute (from 'makefile', line 30):
	rm -f *.o game

valgrind: all
#  Phony target (prerequisite of .PHONY).
#  Implicit rule search has not been done.
#  File does not exist.
#  File has not been updated.
#  recipe to execute (from 'makefile', line 33):
	valgrind --leak-check=full --show-leak-kinds=all -s --track-origins=yes ./game

# Not a target:
joystick.c:
#  Implicit rule search has been done.
#  File is secondary (prerequisite of .SECONDARY).
#  Last modified 2025-11-17 08:16:15.9305716
#  File has been updated.
#  Successfully updated.

# Not a target:
joker.h:
#  Implicit rule search has been done.
#  File is secondary (prerequisite of .SECONDARY).
#  Last modified 2025-11-25 08:19:53.8679822
#  File has been updated.
#  Successfully updated.

# Not a target:
.DEFAULT:
#  Implicit rule search has not been done.
#  Modification time never checked.
#  File has not been updated.

all: game
#  Phony target (prerequisite of .PHONY).
#  Command line target.
#  Implicit rule search has not been done.
#  File does not exist.
#  File has been updated.
#  Successfully updated.

# Not a target:
main.c:
#  Implicit rule search has been done.
#  File is secondary (prerequisite of .SECONDARY).
#  Last modified 2025-11-28 10:41:19.5904822
#  File has been updated.
#  Successfully updated.

main.o: main.c joker.h
#  Implicit rule search has not been done.
#  File is secondary (prerequisite of .SECONDARY).
#  Last modified 2025-11-28 10:42:30.3638423
#  File has been updated.
#  Successfully updated.
#  recipe to execute (from 'makefile', line 18):
	$(CC) $(CFLAGS) -c main.c

enemy.o: enemy.c enemy.h
#  Implicit rule search has not been done.
#  File is secondary (prerequisite of .SECONDARY).
#  Last modified 2025-11-28 10:42:30.9599135
#  File has been updated.
#  Successfully updated.
#  recipe to execute (from 'makefile', line 24):
	$(CC) $(CFLAGS) -c enemy.c

# Not a target:
enemy.h:
#  Implicit rule search has been done.
#  File is secondary (prerequisite of .SECONDARY).
#  Last modified 2025-11-28 07:55:37.4192228
#  File has been updated.
#  Successfully updated.

joystick.o: joystick.c joystick.h
#  Implicit rule search has not been done.
#  File is secondary (prerequisite of .SECONDARY).
#  Last modified 2025-11-28 10:42:30.7779369
#  File has been updated.
#  Successfully updated.
#  recipe to execute (from 'makefile', line 27):
	$(CC) $(CFLAGS) -c joystick.c

# Not a target:
makefile:
#  Implicit rule search has been done.
#  File is secondary (prerequisite of .SECONDARY).
#  Last modified 2025-11-28 10:42:17.8766588
#  File has been updated.
#  Successfully updated.

# Not a target:
joystick.h:
#  Implicit rule search has been done.
#  File is secondary (prerequisite of .SECONDARY).
#  Last modified 2025-11-17 08:16:15.9316742
#  File has been updated.
#  Successfully updated.

joker.o: joker.c joker.h
#  Implicit rule search has not been done.
#  File is secondary (prerequisite of .SECONDARY).
#  Last modified 2025-11-28 10:42:30.598369
#  File has been updated.
#  Successfully updated.
#  recipe to execute (from 'makefile', line 21):
	$(CC) $(CFLAGS) -c joker.c

# Not a target:
joker.c:
#  Implicit rule search has been done.
#  File is secondary (prerequisite of .SECONDARY).
#  Last modified 2025-11-27 08:49:03.2818111
#  File has been updated.
#  Successfully updated.

.PHONY: all clean valgrind
#  Implicit rule search has not been done.
#  Modification time never checked.
#  File has not been updated.

# files hash-table stats:
# Load=19/1024=2%, Rehash=0, Collisions=0/55=0%
# VPATH Search Paths

# No 'vpath' search paths.

# No general ('VPATH' variable) search path.

# strcache buffers: 1 (0) / strings = 33 / storage = 295 B / avg = 8 B
# current buf: size = 8162 B / used = 295 B / count = 33 / avg = 8 B

# strcache performance: lookups = 67 / hit rate = 50%
# hash-table stats:
# Load=33/8192=0%, Rehash=0, Collisions=0/67=0%
# Finished Make data base on Fri Nov 28 10:42:44 2025

 
