make.exe all --print-data-base --no-builtin-variables --no-builtin-rules --question
# GNU Make 3.80
# Copyright (C) 2002  Free Software Foundation, Inc.
# This is free software; see the source for copying conditions.
# There is NO warranty; not even for MERCHANTABILITY or FITNESS FOR A
# PARTICULAR PURPOSE.

# Make data base, printed on Tue Sep 09 16:29:05 2025

# Variables

# automatic
<D = $(patsubst %/,%,$(dir $<))
# automatic
?F = $(notdir $?)
# environment
WSLENV = WT_SESSION:WT_PROFILE_ID:
# environment
ELECTRON_NO_ATTACH_CONSOLE = 1
# environment
VSCODE_CRASH_REPORTER_PROCESS_TYPE = extensionHost
# makefile
MAKEFLAGS = Rrqp
# automatic
?D = $(patsubst %/,%,$(dir $?))
# automatic
@D = $(patsubst %/,%,$(dir $@))
# environment
HOMEDRIVE = C:
# automatic
@F = $(notdir $@)
# automatic
^D = $(patsubst %/,%,$(dir $^))
# default
CURDIR := c:/Users/rapha/Documents/prog2
# default
SHELL := C:/Program Files/Git/bin/sh.exe
# environment
WINDIR = C:\WINDOWS
# environment
VSCODE_NLS_CONFIG = {"userLocale":"en-us","osLocale":"pt-br","resolvedLanguage":"en","defaultMessagesFile":"C:\\Users\\rapha\\AppData\\Local\\Programs\\Microsoft VS Code\\resources\\app\\out\\nls.messages.json","locale":"en-us","availableLanguages":{}}
# environment
ONEDRIVE = C:\Users\rapha\OneDrive
# environment
PATHEXT = .COM;.EXE;.BAT;.CMD;.VBS;.VBE;.JS;.JSE;.WSF;.WSH;.MSC;.CPL
# makefile
MAKEFILE_LIST := 
# environment
TMP = C:\Users\rapha\AppData\Local\Temp
# environment
PROGRAMW6432 = C:\Program Files
# environment
PROGRAMDATA = C:\ProgramData
# environment
VSCODE_CWD = C:\Users\rapha\Documents\prog2
# environment
PATH = C:\ProgramData\Oracle\Java\javapath;C:\WINDOWS\system32;C:\WINDOWS;C:\WINDOWS\System32\Wbem;C:\WINDOWS\System32\WindowsPowerShell\v1.0\;C:\WINDOWS\System32\OpenSSH\;C:\Program Files\dotnet\;C:\Program Files\Git\cmd;C:\Program Files (x86)\Microsoft Group Policy\Windows Server 2022 August 2021 Update\PolicyDefinitions\;C:\Users\rapha\AppData\Local\Microsoft\WindowsApps;C:\Users\rapha\.dotnet\tools;C:\Users\rapha\AppData\Local\Programs\Microsoft VS Code\bin;C:\Program Files\Git\bin;C:\msys64\ucrt64\bin;C:\MinGW\bin;
# environment
COMMONPROGRAMW6432 = C:\Program Files\Common Files
# environment
ZES_ENABLE_SYSMAN = 1
# environment
PROCESSOR_ARCHITECTURE = x86
# environment
USERPROFILE = C:\Users\rapha
# environment
ALLUSERSPROFILE = C:\ProgramData
# environment
NUMBER_OF_PROCESSORS = 8
# environment
ELECTRON_RUN_AS_NODE = 1
# automatic
%F = $(notdir $%)
# environment
CHROME_CRASHPAD_PIPE_NAME = \\.\pipe\crashpad_18308_FYYETCSNAHOXIQKO
# environment
COMPUTERNAME = RAPHAGW
# environment
PROGRAMFILES = C:\Program Files (x86)
# environment
DRIVERDATA = C:\Windows\System32\Drivers\DriverData
# environment
ORIGINAL_XDG_CURRENT_DESKTOP = undefined
# environment
WT_SESSION = 100ec280-c8b9-43bb-b5af-ff787ebb16b5
# environment
USERNAME = rapha
# environment
PUBLIC = C:\Users\Public
# environment
VSCODE_CLI = 1
# environment
VSCODE_CODE_CACHE_PATH = C:\Users\rapha\AppData\Roaming\Code\CachedData\360a4e4fd251bfce169a4ddf857c7d25d1ad40da
# environment
APPLICATION_INSIGHTS_NO_DIAGNOSTIC_CHANNEL = true
# environment
COMMONPROGRAMFILES = C:\Program Files (x86)\Common Files
# environment
LOGONSERVER = \\RAPHAGW
# environment
VSCODE_HANDLES_UNCAUGHT_ERRORS = true
# environment
USERDOMAIN = RAPHAGW
# default
MAKE = $(MAKE_COMMAND)
# default
MAKECMDGOALS := all
# environment
VSCODE_ESM_ENTRYPOINT = vs/workbench/api/node/extensionHostProcess
# default
MAKE_VERSION := 3.80
# environment
NODE_UNC_HOST_ALLOWLIST = wsl.localhost
# environment
PROGRAMFILES(X86) = C:\Program Files (x86)
# automatic
%D = $(patsubst %/,%,$(dir $%))
# environment
LOCALAPPDATA = C:\Users\rapha\AppData\Local
# environment
PSMODULEPATH = C:\Users\rapha\OneDrive - ufpr.br\Documentos\WindowsPowerShell\Modules;C:\Program Files\WindowsPowerShell\Modules;C:\WINDOWS\system32\WindowsPowerShell\v1.0\Modules
# default
MAKE_COMMAND := make.exe
# environment
PROCESSOR_ARCHITEW6432 = AMD64
# default
.VARIABLES := 
# automatic
*F = $(notdir $*)
# environment
PROCESSOR_IDENTIFIER = Intel64 Family 6 Model 190 Stepping 0, GenuineIntel
# environment
OS = Windows_NT
# environment
VSCODE_IPC_HOOK = \\.\pipe\f48552b0-1.103.1-main-sock
# environment
HOMEPATH = \Users\rapha
# environment
COMMONPROGRAMFILES(X86) = C:\Program Files (x86)\Common Files
# environment
PROMPT = $P$G
# environment
MFLAGS = -Rrqp
# automatic
*D = $(patsubst %/,%,$(dir $*))
# environment
SYSTEMROOT = C:\WINDOWS
# automatic
+D = $(patsubst %/,%,$(dir $+))
# environment
VSCODE_L10N_BUNDLE_LOCATION = 
# automatic
+F = $(notdir $+)
# environment
APPDATA = C:\Users\rapha\AppData\Roaming
# environment
Path = C:\ProgramData\Oracle\Java\javapath;C:\WINDOWS\system32;C:\WINDOWS;C:\WINDOWS\System32\Wbem;C:\WINDOWS\System32\WindowsPowerShell\v1.0\;C:\WINDOWS\System32\OpenSSH\;C:\Program Files\dotnet\;C:\Program Files\Git\cmd;C:\Program Files (x86)\Microsoft Group Policy\Windows Server 2022 August 2021 Update\PolicyDefinitions\;C:\Users\rapha\AppData\Local\Microsoft\WindowsApps;C:\Users\rapha\.dotnet\tools;C:\Users\rapha\AppData\Local\Programs\Microsoft VS Code\bin;C:\Program Files\Git\bin;C:\msys64\ucrt64\bin;C:\MinGW\bin;
# environment
TEMP = C:\Users\rapha\AppData\Local\Temp
# environment
WT_PROFILE_ID = {61c54bbd-c2c6-5271-96e7-009a87ff44bf}
# environment
COMSPEC = C:\WINDOWS\system32\cmd.exe
# default
MAKEFILES := 
# automatic
<F = $(notdir $<)
# environment
LC_ALL = C
# automatic
^F = $(notdir $^)
# default
SUFFIXES := 
# environment
SYSTEMDRIVE = C:
# environment
SESSIONNAME = Console
# environment
PROCESSOR_REVISION = be00
# environment
LEVEL_ZERO_V1_SDK_PATH = C:\Program Files\LevelZeroSDK\1.21.6\
# environment
MAKELEVEL := 0
# environment
LANG = C
# environment
PROCESSOR_LEVEL = 6
# environment
VSCODE_PID = 18308
# environment
USERDOMAIN_ROAMINGPROFILE = RAPHAGW
# variable set hash-table stats:
# Load=90/1024=9%, Rehash=0, Collisions=9/104=9%

# Directories

# C:\WINDOWS\System32\WindowsPowerShell\v1.0\ (key C:/WINDOWS/System32/WindowsPowerShell/v1.0/, mtime 1757157030): 29 files, no impossibilities.
# C:\WINDOWS\System32\Wbem (key C:/WINDOWS/System32/Wbem, mtime 1757157030): 150 files, no impossibilities.
# . (key c:/Users/rapha/Documents/prog2, mtime 1757446142): 7 files, no impossibilities.
# C:\Program Files\dotnet\ (key C:/Program Files/dotnet/, mtime 1746214553): 13 files, no impossibilities.
# C:\WINDOWS\System32\OpenSSH\: could not be stat'd.
# C:\WINDOWS (key C:/WINDOWS, mtime 1757369813): 109 files, no impossibilities.
# C:\ProgramData\Oracle\Java\javapath (key C:/ProgramData/Oracle/Java/javapath, mtime 1740574056): 5 files, no impossibilities.
# C:\Users\rapha\AppData\Local\Programs\Microsoft VS Code\bin (key C:/Users/rapha/AppData/Local/Programs/Microsoft VS Code/bin, mtime 1755454033): 5 files, no impossibilities.
# C:\Program Files\Git\bin (key C:/Program Files/Git/bin, mtime 1744317022): 5 files, no impossibilities so far.
# C:\Users\rapha\.dotnet\tools: could not be stat'd.
# C:\Program Files (x86)\Microsoft Group Policy\Windows Server 2022 August 2021 Update\PolicyDefinitions\ (key C:/Program Files (x86)/Microsoft Group Policy/Windows Server 2022 August 2021 Update/PolicyDefinitions/, mtime 1757171433): 238 files, no impossibilities.
# C:\Program Files\Git\cmd (key C:/Program Files/Git/cmd, mtime 1744317047): 13 files, no impossibilities.
# C:\WINDOWS\system32 (key C:/WINDOWS/system32, mtime 1757366508): 2972 files, no impossibilities.
# C:\Users\rapha\AppData\Local\Microsoft\WindowsApps (key C:/Users/rapha/AppData/Local/Microsoft/WindowsApps, mtime 1757020167): 52 files, no impossibilities.

# 3598 files, no impossibilities in 14 directories.

# Implicit Rules

# No implicit rules.

# Pattern-specific variable values

# No pattern-specific variable values.

# Files

# Not a target:
all:
#  Command-line target.
#  Implicit rule search has been done.
#  File does not exist.
#  File has not been updated.

# Not a target:
.DEFAULT:
#  Implicit rule search has not been done.
#  Modification time never checked.
#  File has not been updated.

# Not a target:
makefile:
#  A default or MAKEFILES makefile.
#  Implicit rule search has been done.
#  File does not exist.
#  File has been updated.
#  Failed to be updated.

# Not a target:
.SUFFIXES:
#  Implicit rule search has not been done.
#  Modification time never checked.
#  File has not been updated.

# Not a target:
GNUmakefile:
#  A default or MAKEFILES makefile.
#  Implicit rule search has been done.
#  File does not exist.
#  File has been updated.
#  Failed to be updated.

# files hash-table stats:
# Load=5/1024=0%, Rehash=0, Collisions=0/16=0%
# VPATH Search Paths

# No `vpath' search paths.

# No general (`VPATH' variable) search path.

# Finished Make data base on Tue Sep 09 16:29:05 2025

 
make.exe: *** No rule to make target `all'.  Stop.

